2019-02-08-main-INFO -com.cg.oiqgs.UserInterface.UserInterface:INSIDE USER INTERFACE MAIN METHOD
2019-02-08-main-INFO -com.cg.oiqgs.UserInterface.UserInterface:INSIDE TRY BLOCK OF USER INTERFACE MAIN METHOD
2019-02-08-main-INFO -com.cg.oiqgs.UserInterface.UserInterface:Got the rolecode for given username and password
2019-02-08-main-INFO -com.cg.oiqgs.UserInterface.UserInterface:Inside else part of user interface
2019-02-08-main-INFO -com.cg.oiqgs.UserInterface.UserInterface:INSIDE TRY BLOCK OF USER INTERFACE MAIN METHOD
2019-02-08-main-INFO -com.cg.oiqgs.UserInterface.UserInterface:Got the rolecode for given username and password
2019-02-08-main-INFO -com.cg.oiqgs.UserInterface.UserInterface:Inside of IF block of user interface
2019-02-08-main-INFO -com.cg.oiqgs.UserInterface.UserInterface:control passed to admin class
2019-02-09-main-INFO -com.cg.oiqgs.UserInterface.UserInterface:INSIDE USER INTERFACE MAIN METHOD
2019-02-09-main-INFO -com.cg.oiqgs.UserInterface.UserInterface:INSIDE TRY BLOCK OF USER INTERFACE MAIN METHOD
2019-02-09-main-INFO -com.cg.oiqgs.UserInterface.UserInterface:Got the rolecode for given username and password
2019-02-09-main-INFO -com.cg.oiqgs.UserInterface.UserInterface:Inside of IF block of user interface
2019-02-09-main-INFO -com.cg.oiqgs.UserInterface.UserInterface:control passed to agent class
2019-02-09-main-INFO -com.cg.oiqgs.UserInterface.UserInterface:INSIDE USER INTERFACE MAIN METHOD
2019-02-09-main-INFO -com.cg.oiqgs.UserInterface.UserInterface:INSIDE USER INTERFACE MAIN METHOD
2019-02-09-main-INFO -com.cg.oiqgs.UserInterface.UserInterface:INSIDE TRY BLOCK OF USER INTERFACE MAIN METHOD
2019-02-09-main-INFO -com.cg.oiqgs.UserInterface.UserInterface:Got the rolecode for given username and password
2019-02-09-main-INFO -com.cg.oiqgs.UserInterface.UserInterface:Inside of IF block of user interface
2019-02-09-main-INFO -com.cg.oiqgs.UserInterface.UserInterface:control passed to admin class
2019-02-09-main-INFO -com.cg.oiqgs.UserInterface.UserInterface:INSIDE USER INTERFACE MAIN METHOD
2019-02-09-main-INFO -com.cg.oiqgs.UserInterface.UserInterface:INSIDE TRY BLOCK OF USER INTERFACE MAIN METHOD
2019-02-09-main-INFO -com.cg.oiqgs.UserInterface.UserInterface:Got the rolecode for given username and password
2019-02-09-main-INFO -com.cg.oiqgs.UserInterface.UserInterface:Inside of IF block of user interface
2019-02-09-main-INFO -com.cg.oiqgs.UserInterface.UserInterface:control passed to admin class
2019-02-09-main-INFO -com.cg.oiqgs.UserInterface.UserInterface:INSIDE USER INTERFACE MAIN METHOD
2019-02-09-main-INFO -com.cg.oiqgs.UserInterface.UserInterface:INSIDE TRY BLOCK OF USER INTERFACE MAIN METHOD
2019-02-09-main-INFO -com.cg.oiqgs.UserInterface.UserInterface:Got the rolecode for given username and password
2019-02-09-main-INFO -com.cg.oiqgs.UserInterface.UserInterface:Inside of IF block of user interface
2019-02-09-main-INFO -com.cg.oiqgs.UserInterface.UserInterface:control passed to admin class
2019-02-09-main-INFO -com.cg.oiqgs.UserInterface.UserInterface:INSIDE USER INTERFACE MAIN METHOD
2019-02-09-main-INFO -com.cg.oiqgs.UserInterface.UserInterface:INSIDE TRY BLOCK OF USER INTERFACE MAIN METHOD
2019-02-09-main-INFO -com.cg.oiqgs.UserInterface.UserInterface:Got the rolecode for given username and password
2019-02-09-main-INFO -com.cg.oiqgs.UserInterface.UserInterface:Inside of IF block of user interface
2019-02-09-main-INFO -com.cg.oiqgs.UserInterface.UserInterface:control passed to admin class
2019-02-09-main-INFO -com.cg.oiqgs.UserInterface.UserInterface:INSIDE USER INTERFACE MAIN METHOD
2019-02-09-main-INFO -com.cg.oiqgs.UserInterface.UserInterface:INSIDE TRY BLOCK OF USER INTERFACE MAIN METHOD
2019-02-09-main-INFO -com.cg.oiqgs.UserInterface.UserInterface:Got the rolecode for given username and password
2019-02-09-main-INFO -com.cg.oiqgs.UserInterface.UserInterface:Inside of IF block of user interface
2019-02-09-main-INFO -com.cg.oiqgs.UserInterface.UserInterface:control passed to insured class
2019-02-09-main-INFO -com.cg.oiqgs.UserInterface.UserInterface:INSIDE USER INTERFACE MAIN METHOD
2019-02-09-main-INFO -com.cg.oiqgs.UserInterface.UserInterface:INSIDE TRY BLOCK OF USER INTERFACE MAIN METHOD
2019-02-09-main-INFO -com.cg.oiqgs.UserInterface.UserInterface:Got the rolecode for given username and password
2019-02-09-main-INFO -com.cg.oiqgs.UserInterface.UserInterface:Inside of IF block of user interface
2019-02-09-main-INFO -com.cg.oiqgs.UserInterface.UserInterface:control passed to agent class
2019-02-09-main-INFO -com.cg.oiqgs.UserInterface.UserInterface:INSIDE USER INTERFACE MAIN METHOD
2019-02-09-main-INFO -com.cg.oiqgs.UserInterface.UserInterface:INSIDE TRY BLOCK OF USER INTERFACE MAIN METHOD
2019-02-09-main-INFO -com.cg.oiqgs.UserInterface.UserInterface:Got the rolecode for given username and password
2019-02-09-main-INFO -com.cg.oiqgs.UserInterface.UserInterface:Inside of IF block of user interface
2019-02-09-main-INFO -com.cg.oiqgs.UserInterface.UserInterface:control passed to insured class
2019-02-09-main-INFO -com.cg.oiqgs.UserInterface.UserInterface:INSIDE USER INTERFACE MAIN METHOD
2019-02-09-main-INFO -com.cg.oiqgs.UserInterface.UserInterface:INSIDE USER INTERFACE MAIN METHOD
2019-02-09-main-INFO -com.cg.oiqgs.UserInterface.UserInterface:INSIDE USER INTERFACE MAIN METHOD
2019-02-09-main-INFO -com.cg.oiqgs.UserInterface.UserInterface:INSIDE USER INTERFACE MAIN METHOD
2019-02-09-main-INFO -com.cg.oiqgs.UserInterface.UserInterface:INSIDE TRY BLOCK OF USER INTERFACE MAIN METHOD
2019-02-09-main-INFO -com.cg.oiqgs.UserInterface.UserInterface:Got the rolecode for given username and password
2019-02-09-main-INFO -com.cg.oiqgs.UserInterface.UserInterface:Inside of IF block of user interface
2019-02-09-main-INFO -com.cg.oiqgs.UserInterface.UserInterface:control passed to agent class
2019-02-09-main-INFO -com.cg.oiqgs.UserInterface.UserInterface:INSIDE USER INTERFACE MAIN METHOD
2019-02-09-main-INFO -com.cg.oiqgs.UserInterface.UserInterface:INSIDE TRY BLOCK OF USER INTERFACE MAIN METHOD
2019-02-09-main-INFO -com.cg.oiqgs.UserInterface.UserInterface:Got the rolecode for given username and password
2019-02-09-main-INFO -com.cg.oiqgs.UserInterface.UserInterface:Inside of IF block of user interface
2019-02-09-main-INFO -com.cg.oiqgs.UserInterface.UserInterface:control passed to admin class
2019-02-09-main-INFO -com.cg.oiqgs.UserInterface.UserInterface:INSIDE USER INTERFACE MAIN METHOD
2019-02-09-main-INFO -com.cg.oiqgs.UserInterface.UserInterface:INSIDE TRY BLOCK OF USER INTERFACE MAIN METHOD
2019-02-09-main-INFO -com.cg.oiqgs.UserInterface.UserInterface:Got the rolecode for given username and password
2019-02-09-main-INFO -com.cg.oiqgs.UserInterface.UserInterface:Inside of IF block of user interface
2019-02-09-main-INFO -com.cg.oiqgs.UserInterface.UserInterface:control passed to admin class
2019-02-09-main-INFO -com.cg.oiqgs.UserInterface.UserInterface:INSIDE USER INTERFACE MAIN METHOD
2019-02-09-main-INFO -com.cg.oiqgs.UserInterface.UserInterface:INSIDE TRY BLOCK OF USER INTERFACE MAIN METHOD
2019-02-09-main-INFO -com.cg.oiqgs.UserInterface.UserInterface:Got the rolecode for given username and password
2019-02-09-main-INFO -com.cg.oiqgs.UserInterface.UserInterface:Inside of IF block of user interface
2019-02-09-main-INFO -com.cg.oiqgs.UserInterface.UserInterface:control passed to admin class
2019-02-09-main-INFO -com.cg.oiqgs.UserInterface.UserInterface:INSIDE USER INTERFACE MAIN METHOD
2019-02-09-main-INFO -com.cg.oiqgs.UserInterface.UserInterface:INSIDE TRY BLOCK OF USER INTERFACE MAIN METHOD
2019-02-09-main-INFO -com.cg.oiqgs.UserInterface.UserInterface:Got the rolecode for given username and password
2019-02-09-main-INFO -com.cg.oiqgs.UserInterface.UserInterface:Inside of IF block of user interface
2019-02-09-main-INFO -com.cg.oiqgs.UserInterface.UserInterface:control passed to admin class
2019-02-09-main-INFO -com.cg.oiqgs.UserInterface.UserInterface:INSIDE USER INTERFACE MAIN METHOD
2019-02-09-main-INFO -com.cg.oiqgs.UserInterface.UserInterface:INSIDE TRY BLOCK OF USER INTERFACE MAIN METHOD
2019-02-09-main-INFO -com.cg.oiqgs.UserInterface.UserInterface:Got the rolecode for given username and password
2019-02-09-main-INFO -com.cg.oiqgs.UserInterface.UserInterface:Inside of IF block of user interface
2019-02-09-main-INFO -com.cg.oiqgs.UserInterface.UserInterface:control passed to admin class
2019-02-09-main-INFO -com.cg.oiqgs.UserInterface.UserInterface:INSIDE USER INTERFACE MAIN METHOD
2019-02-09-main-INFO -com.cg.oiqgs.UserInterface.UserInterface:INSIDE TRY BLOCK OF USER INTERFACE MAIN METHOD
2019-02-09-main-INFO -com.cg.oiqgs.UserInterface.UserInterface:Got the rolecode for given username and password
2019-02-09-main-INFO -com.cg.oiqgs.UserInterface.UserInterface:Inside of IF block of user interface
2019-02-09-main-INFO -com.cg.oiqgs.UserInterface.UserInterface:control passed to admin class
2019-02-09-main-INFO -com.cg.oiqgs.UserInterface.UserInterface:INSIDE USER INTERFACE MAIN METHOD
2019-02-09-main-INFO -com.cg.oiqgs.UserInterface.UserInterface:INSIDE TRY BLOCK OF USER INTERFACE MAIN METHOD
2019-02-09-main-INFO -com.cg.oiqgs.UserInterface.UserInterface:Got the rolecode for given username and password
2019-02-09-main-INFO -com.cg.oiqgs.UserInterface.UserInterface:Inside of IF block of user interface
2019-02-09-main-INFO -com.cg.oiqgs.UserInterface.UserInterface:control passed to admin class
2019-02-09-main-INFO -com.cg.oiqgs.UserInterface.UserInterface:INSIDE USER INTERFACE MAIN METHOD
2019-02-09-main-INFO -com.cg.oiqgs.UserInterface.UserInterface:INSIDE TRY BLOCK OF USER INTERFACE MAIN METHOD
2019-02-09-main-INFO -com.cg.oiqgs.UserInterface.UserInterface:Got the rolecode for given username and password
2019-02-09-main-INFO -com.cg.oiqgs.UserInterface.UserInterface:Inside of IF block of user interface
2019-02-09-main-INFO -com.cg.oiqgs.UserInterface.UserInterface:control passed to agent class
2019-02-09-main-INFO -com.cg.oiqgs.UserInterface.UserInterface:INSIDE USER INTERFACE MAIN METHOD
2019-02-09-main-INFO -com.cg.oiqgs.UserInterface.UserInterface:INSIDE TRY BLOCK OF USER INTERFACE MAIN METHOD
2019-02-09-main-INFO -com.cg.oiqgs.UserInterface.UserInterface:Got the rolecode for given username and password
2019-02-09-main-INFO -com.cg.oiqgs.UserInterface.UserInterface:Inside of IF block of user interface
2019-02-09-main-INFO -com.cg.oiqgs.UserInterface.UserInterface:control passed to agent class
2019-02-09-main-INFO -com.cg.oiqgs.UserInterface.UserInterface:INSIDE USER INTERFACE MAIN METHOD
2019-02-09-main-INFO -com.cg.oiqgs.UserInterface.UserInterface:INSIDE TRY BLOCK OF USER INTERFACE MAIN METHOD
2019-02-09-main-INFO -com.cg.oiqgs.UserInterface.UserInterface:Got the rolecode for given username and password
2019-02-09-main-INFO -com.cg.oiqgs.UserInterface.UserInterface:Inside else part of user interface
2019-02-09-main-INFO -com.cg.oiqgs.UserInterface.UserInterface:INSIDE USER INTERFACE MAIN METHOD
2019-02-09-main-INFO -com.cg.oiqgs.UserInterface.UserInterface:INSIDE TRY BLOCK OF USER INTERFACE MAIN METHOD
2019-02-09-main-INFO -com.cg.oiqgs.UserInterface.UserInterface:Got the rolecode for given username and password
2019-02-09-main-INFO -com.cg.oiqgs.UserInterface.UserInterface:Inside of IF block of user interface
2019-02-09-main-INFO -com.cg.oiqgs.UserInterface.UserInterface:control passed to insured class
2019-02-09-main-INFO -com.cg.oiqgs.UserInterface.UserInterface:INSIDE USER INTERFACE MAIN METHOD
2019-03-04-main-INFO -com.cg.oiqgs.UserInterface.UserInterface:INSIDE USER INTERFACE MAIN METHOD
2019-03-04-main-INFO -com.cg.oiqgs.UserInterface.UserInterface:INSIDE TRY BLOCK OF USER INTERFACE MAIN METHOD
2019-03-04-main-INFO -com.cg.oiqgs.UserInterface.UserInterface:Got the rolecode for given username and password
2019-03-04-main-INFO -com.cg.oiqgs.UserInterface.UserInterface:Inside else part of user interface
2019-03-04-main-INFO -com.cg.oiqgs.UserInterface.UserInterface:INSIDE TRY BLOCK OF USER INTERFACE MAIN METHOD
2019-03-04-main-INFO -com.cg.oiqgs.UserInterface.UserInterface:Got the rolecode for given username and password
2019-03-04-main-INFO -com.cg.oiqgs.UserInterface.UserInterface:Inside of IF block of user interface
2019-03-04-main-INFO -com.cg.oiqgs.UserInterface.UserInterface:control passed to admin class
2019-03-04-main-INFO -com.cg.oiqgs.UserInterface.UserInterface:INSIDE USER INTERFACE MAIN METHOD
2019-03-04-main-INFO -com.cg.oiqgs.UserInterface.UserInterface:INSIDE USER INTERFACE MAIN METHOD
2019-03-04-main-INFO -com.cg.oiqgs.UserInterface.UserInterface:INSIDE TRY BLOCK OF USER INTERFACE MAIN METHOD
2019-03-04-main-INFO -com.cg.oiqgs.UserInterface.UserInterface:Got the rolecode for given username and password
2019-03-04-main-INFO -com.cg.oiqgs.UserInterface.UserInterface:Inside of IF block of user interface
2019-03-04-main-INFO -com.cg.oiqgs.UserInterface.UserInterface:control passed to admin class
2019-03-04-main-INFO -com.cg.oiqgs.UserInterface.UserInterface:INSIDE USER INTERFACE MAIN METHOD
2019-03-04-main-INFO -com.cg.oiqgs.UserInterface.UserInterface:INSIDE TRY BLOCK OF USER INTERFACE MAIN METHOD
2019-03-04-main-INFO -com.cg.oiqgs.UserInterface.UserInterface:Got the rolecode for given username and password
2019-03-04-main-INFO -com.cg.oiqgs.UserInterface.UserInterface:Inside of IF block of user interface
2019-03-04-main-INFO -com.cg.oiqgs.UserInterface.UserInterface:control passed to admin class
2019-03-04-main-INFO -com.cg.oiqgs.UserInterface.UserInterface:INSIDE USER INTERFACE MAIN METHOD
2019-03-04-main-INFO -com.cg.oiqgs.UserInterface.UserInterface:INSIDE TRY BLOCK OF USER INTERFACE MAIN METHOD
2019-03-04-main-INFO -com.cg.oiqgs.UserInterface.UserInterface:Got the rolecode for given username and password
2019-03-04-main-INFO -com.cg.oiqgs.UserInterface.UserInterface:Inside of IF block of user interface
2019-03-04-main-INFO -com.cg.oiqgs.UserInterface.UserInterface:control passed to admin class
2019-03-04-main-INFO -com.cg.oiqgs.UserInterface.UserInterface:INSIDE USER INTERFACE MAIN METHOD
2019-03-04-main-INFO -com.cg.oiqgs.UserInterface.UserInterface:INSIDE TRY BLOCK OF USER INTERFACE MAIN METHOD
2019-03-04-main-INFO -com.cg.oiqgs.UserInterface.UserInterface:Got the rolecode for given username and password
2019-03-04-main-INFO -com.cg.oiqgs.UserInterface.UserInterface:Inside of IF block of user interface
2019-03-04-main-INFO -com.cg.oiqgs.UserInterface.UserInterface:control passed to admin class
2019-03-04-main-INFO -com.cg.oiqgs.UserInterface.UserInterface:INSIDE USER INTERFACE MAIN METHOD
2019-03-04-main-INFO -com.cg.oiqgs.UserInterface.UserInterface:INSIDE TRY BLOCK OF USER INTERFACE MAIN METHOD
2019-03-04-main-INFO -com.cg.oiqgs.UserInterface.UserInterface:Got the rolecode for given username and password
2019-03-04-main-INFO -com.cg.oiqgs.UserInterface.UserInterface:Inside of IF block of user interface
2019-03-04-main-INFO -com.cg.oiqgs.UserInterface.UserInterface:control passed to admin class
2019-03-04-main-INFO -com.cg.oiqgs.UserInterface.UserInterface:INSIDE USER INTERFACE MAIN METHOD
2019-03-04-main-INFO -com.cg.oiqgs.UserInterface.UserInterface:INSIDE TRY BLOCK OF USER INTERFACE MAIN METHOD
2019-03-04-main-INFO -com.cg.oiqgs.UserInterface.UserInterface:Got the rolecode for given username and password
2019-03-04-main-INFO -com.cg.oiqgs.UserInterface.UserInterface:Inside of IF block of user interface
2019-03-04-main-INFO -com.cg.oiqgs.UserInterface.UserInterface:control passed to insured class
2019-03-04-main-INFO -com.cg.oiqgs.UserInterface.UserInterface:INSIDE USER INTERFACE MAIN METHOD
2019-03-04-main-INFO -com.cg.oiqgs.UserInterface.UserInterface:INSIDE TRY BLOCK OF USER INTERFACE MAIN METHOD
2019-03-04-main-INFO -com.cg.oiqgs.UserInterface.UserInterface:Got the rolecode for given username and password
2019-03-04-main-INFO -com.cg.oiqgs.UserInterface.UserInterface:Inside of IF block of user interface
2019-03-04-main-INFO -com.cg.oiqgs.UserInterface.UserInterface:control passed to insured class
2019-03-04-main-INFO -com.cg.oiqgs.UserInterface.UserInterface:INSIDE USER INTERFACE MAIN METHOD
2019-03-04-main-INFO -com.cg.oiqgs.UserInterface.UserInterface:INSIDE TRY BLOCK OF USER INTERFACE MAIN METHOD
2019-03-04-main-INFO -com.cg.oiqgs.UserInterface.UserInterface:Got the rolecode for given username and password
2019-03-04-main-INFO -com.cg.oiqgs.UserInterface.UserInterface:Inside of IF block of user interface
2019-03-04-main-INFO -com.cg.oiqgs.UserInterface.UserInterface:control passed to insured class
